<?xml version="1.0" encoding="UTF-8"?>
<!-- Generated by org.testng.reporters.JUnitXMLReporter -->
<testsuite ignored="0" hostname="mohsine" failures="0" tests="1" name="Test1" time="1.591" errors="0" timestamp="2020-12-28T11:37:25 EST">
  <testcase classname="com.wlamart.walmart_test.browsers_codes" name="@BeforeClass beforeClass" time="1.532">
    <failure type="java.lang.NoSuchMethodError" message="&amp;apos;java.util.stream.Collector com.google.common.collect.ImmutableSortedSet.toImmutableSortedSet(java.util.Comparator)&amp;apos;">
      <![CDATA[java.lang.NoSuchMethodError: 'java.util.stream.Collector com.google.common.collect.ImmutableSortedSet.toImmutableSortedSet(java.util.Comparator)'
at org.openqa.selenium.remote.NewSessionPayload.lambda$validate$3(NewSessionPayload.java:191)
at java.base/java.util.stream.ReferencePipeline$11$1.accept(ReferencePipeline.java:441)
at java.base/java.util.stream.ReferencePipeline$3$1.accept(ReferencePipeline.java:195)
at java.base/java.util.stream.ReferencePipeline$11$1.accept(ReferencePipeline.java:442)
at java.base/java.util.AbstractList$RandomAccessSpliterator.forEachRemaining(AbstractList.java:720)
at java.base/java.util.stream.AbstractPipeline.copyInto(AbstractPipeline.java:484)
at java.base/java.util.stream.AbstractPipeline.wrapAndCopyInto(AbstractPipeline.java:474)
at java.base/java.util.stream.ForEachOps$ForEachOp.evaluateSequential(ForEachOps.java:150)
at java.base/java.util.stream.ForEachOps$ForEachOp$OfRef.evaluateSequential(ForEachOps.java:173)
at java.base/java.util.stream.AbstractPipeline.evaluate(AbstractPipeline.java:234)
at java.base/java.util.stream.ReferencePipeline.forEach(ReferencePipeline.java:497)
at org.openqa.selenium.remote.NewSessionPayload.validate(NewSessionPayload.java:207)
at org.openqa.selenium.remote.NewSessionPayload.<init>(NewSessionPayload.java:152)
at org.openqa.selenium.remote.NewSessionPayload.create(NewSessionPayload.java:99)
at org.openqa.selenium.remote.NewSessionPayload.create(NewSessionPayload.java:94)
at org.openqa.selenium.remote.ProtocolHandshake.createSession(ProtocolHandshake.java:69)
at org.openqa.selenium.remote.HttpCommandExecutor.execute(HttpCommandExecutor.java:139)
at org.openqa.selenium.remote.service.DriverCommandExecutor.execute(DriverCommandExecutor.java:123)
at org.openqa.selenium.remote.RemoteWebDriver.execute(RemoteWebDriver.java:501)
at org.openqa.selenium.remote.RemoteWebDriver.startSession(RemoteWebDriver.java:207)
at org.openqa.selenium.remote.RemoteWebDriver.<init>(RemoteWebDriver.java:127)
at org.openqa.selenium.firefox.FirefoxDriver.<init>(FirefoxDriver.java:189)
at org.openqa.selenium.firefox.FirefoxDriver.<init>(FirefoxDriver.java:177)
at org.openqa.selenium.firefox.FirefoxDriver.<init>(FirefoxDriver.java:155)
at com.wlamart.walmart_test.browsers_codes.beforeClass(browsers_codes.java:41)
at java.base/java.util.ArrayList.forEach(ArrayList.java:1511)
... Removed 25 stack frames]]>
    </failure>
  </testcase> <!-- @BeforeClass beforeClass -->
  <testcase classname="com.wlamart.walmart_test.browsers_codes" name="@AfterClass afterClass" time="-1.60917344573E9">
    <skipped/>
  </testcase> <!-- @AfterClass afterClass -->
  <testcase classname="com.wlamart.walmart_test.Function_test" name="f" time="0.0">
    <skipped/>
  </testcase> <!-- f -->
</testsuite> <!-- Test1 -->
